evaluation started on: 2023-11-19 16:55:17
stdout:
Machine stopped on BREAK exception.
Machine state report:
PC:0x00000264
R0:0x00000000 R1:0x00000000 R2:0xbfffff00 R3:0x00000000 R4:0x00000000 R5:0x00000000 R6:0x0000026c R7:0x0000000f R8:0x00000000 R9:0x0000026c R10:0x00000270 R11:0x0000000f R12:0x00000001 R13:0x00000001 R14:0x00000000 R15:0x00000000 R16:0x00000000 R17:0x00000000 R18:0x00000000 R19:0x00000000 R20:0x00000000 R21:0x00000000 R22:0x00000000 R23:0x00000000 R24:0x00000000 R25:0x00000000 R26:0x00000000 R27:0x00000000 R28:0x00000000 R29:0x00000000 R30:0x00000000 R31:0x00000000
mvendorid: 0x00000000 marchid: 0x00000000 mimpid: 0x00000000 mhardid: 0x00000000 mstatus: 0x00000000 mie: 0x00000000 mtvec: 0x00000000 mscratch: 0x00000000 mepc: 0x00000260 mcause: 0x00000024 mtval: 0x00000000 mip: 0x00000000 mtinsr: 0x00000000 mtval2: 0x00000000 mcycle: 0x000003cd minstret: 0x000003cc
Cache statistics report:
i-cache:reads: 973
i-cache:hit: 0
i-cache:miss: 0
i-cache:hit-rate: 0.000
i-cache:stalled-cycles: 8757
i-cache:improved-speed: 100.000
d-cache:reads: 211
d-cache:hit: 0
d-cache:miss: 0
d-cache:hit-rate: 0.000
d-cache:stalled-cycles: 2745
d-cache:improved-speed: 100.000
cycles: 973
stalls: 0

stderr:
Killed after 10 seconds.