evaluation started on: 2023-11-20 18:28:48
stdout:
submissions/4/2023_11_20_18_28_42.S:10:error:empty argument encountered
Machine stopped on BREAK exception.
Machine state report:
PC:0x00000210
R0:0x00000000 R1:0x00000000 R2:0xbfffff00 R3:0x00000000 R4:0x00000000 R5:0x00000000 R6:0x00000000 R7:0x00000000 R8:0x00000000 R9:0x00000000 R10:0x00000200 R11:0x00000000 R12:0x00000000 R13:0x00000000 R14:0x00000000 R15:0x00000000 R16:0x00000000 R17:0x00000000 R18:0x00000000 R19:0x00000000 R20:0x00000000 R21:0x00000000 R22:0x00000000 R23:0x00000000 R24:0x00000000 R25:0x00000000 R26:0x00000000 R27:0x00000000 R28:0x00000000 R29:0x00000000 R30:0x00000000 R31:0x00000000
mvendorid: 0x00000000 marchid: 0x00000000 mimpid: 0x00000000 mhardid: 0x00000000 mstatus: 0x00000000 mie: 0x00000000 mtvec: 0x00000000 mscratch: 0x00000000 mepc: 0x0000020c mcause: 0x00000024 mtval: 0x00000000 mip: 0x00000000 mtinsr: 0x00000000 mtval2: 0x00000000 mcycle: 0x00000004 minstret: 0x00000003
Cache statistics report:
i-cache:reads: 4
i-cache:hit: 0
i-cache:miss: 0
i-cache:hit-rate: 0.000
i-cache:stalled-cycles: 36
i-cache:improved-speed: 100.000
d-cache:reads: 1
d-cache:hit: 0
d-cache:miss: 0
d-cache:hit-rate: 0.000
d-cache:stalled-cycles: 9
d-cache:improved-speed: 100.000
cycles: 4
stalls: 0

stderr:
